# JRE version: OpenJDK Runtime Environment Temurin-17.0.8.1+1 (17.0.8.1+1) (build 17.0.8.1+1)
# Java VM: OpenJDK 64-Bit Server VM Temurin-17.0.8.1+1 (17.0.8.1+1, mixed mode, emulated-client, tiered, compressed oops, compressed class ptrs, g1 gc, windows-amd64)
GC Precious Log:
 CPUs: 4 total, 4 available
 Memory: 16297M
 Large Page Support: Disabled
 NUMA Support: Disabled
 Compressed Oops: Enabled (Zero based)
 Heap Region Size: 2M
 Heap Min Capacity: 8M
 Heap Initial Capacity: 256M
 Heap Max Capacity: 4076M
 Pre-touch: Disabled
 Parallel Workers: 4
 Concurrent Workers: 1
 Concurrent Refinement Workers: 4
 Periodic GC: Disabled
Heap:
 garbage-first heap   total 116736K, used 47838K [0x0000000701400000, 0x0000000800000000)
  region size 2048K, 9 young (18432K), 2 survivors (4096K)
 Metaspace       used 105801K, committed 106496K, reserved 1179648K
  class space    used 14314K, committed 14656K, reserved 1048576K
GC Heap History (20 events):
Event: 2103.071 GC heap before
{Heap before GC invocations=47 (full 4):
 garbage-first heap   total 116736K, used 88666K [0x0000000701400000, 0x0000000800000000)
  region size 2048K, 28 young (57344K), 0 survivors (0K)
 Metaspace       used 103814K, committed 104448K, reserved 1179648K
  class space    used 14135K, committed 14400K, reserved 1048576K
}
Event: 2103.076 GC heap after
{Heap after GC invocations=48 (full 4):
 garbage-first heap   total 116736K, used 35857K [0x0000000701400000, 0x0000000800000000)
  region size 2048K, 3 young (6144K), 3 survivors (6144K)
 Metaspace       used 103814K, committed 104448K, reserved 1179648K
  class space    used 14135K, committed 14400K, reserved 1048576K
}
Event: 2103.713 GC heap before
{Heap before GC invocations=48 (full 4):
 garbage-first heap   total 116736K, used 87057K [0x0000000701400000, 0x0000000800000000)
  region size 2048K, 28 young (57344K), 3 survivors (6144K)
 Metaspace       used 104244K, committed 104896K, reserved 1179648K
  class space    used 14168K, committed 14464K, reserved 1048576K
}
Event: 2103.722 GC heap after
{Heap after GC invocations=49 (full 4):
 garbage-first heap   total 116736K, used 40693K [0x0000000701400000, 0x0000000800000000)
  region size 2048K, 3 young (6144K), 3 survivors (6144K)
 Metaspace       used 104244K, committed 104896K, reserved 1179648K
  class space    used 14168K, committed 14464K, reserved 1048576K
}
Event: 2172.846 GC heap before
{Heap before GC invocations=49 (full 4):
 garbage-first heap   total 116736K, used 55029K [0x0000000701400000, 0x0000000800000000)
  region size 2048K, 11 young (22528K), 3 survivors (6144K)
 Metaspace       used 104250K, committed 104896K, reserved 1179648K
  class space    used 14169K, committed 14464K, reserved 1048576K
}
Event: 2172.914 GC heap after
{Heap after GC invocations=50 (full 5):
 garbage-first heap   total 116736K, used 33167K [0x0000000701400000, 0x0000000800000000)
  region size 2048K, 0 young (0K), 0 survivors (0K)
 Metaspace       used 104225K, committed 104896K, reserved 1179648K
  class space    used 14164K, committed 14464K, reserved 1048576K
}
Event: 2173.327 GC heap before
{Heap before GC invocations=50 (full 5):
 garbage-first heap   total 116736K, used 88463K [0x0000000701400000, 0x0000000800000000)
  region size 2048K, 27 young (55296K), 0 survivors (0K)
 Metaspace       used 104407K, committed 105024K, reserved 1179648K
  class space    used 14182K, committed 14464K, reserved 1048576K
}
Event: 2173.331 GC heap after
{Heap after GC invocations=51 (full 5):
 garbage-first heap   total 116736K, used 36775K [0x0000000701400000, 0x0000000800000000)
  region size 2048K, 2 young (4096K), 2 survivors (4096K)
 Metaspace       used 104407K, committed 105024K, reserved 1179648K
  class space    used 14182K, committed 14464K, reserved 1048576K
}
Event: 2173.884 GC heap before
{Heap before GC invocations=51 (full 5):
 garbage-first heap   total 116736K, used 87975K [0x0000000701400000, 0x0000000800000000)
  region size 2048K, 27 young (55296K), 2 survivors (4096K)
 Metaspace       used 104851K, committed 105536K, reserved 1179648K
  class space    used 14218K, committed 14528K, reserved 1048576K
}
Event: 2173.890 GC heap after
{Heap after GC invocations=52 (full 5):
 garbage-first heap   total 116736K, used 40401K [0x0000000701400000, 0x0000000800000000)
  region size 2048K, 4 young (8192K), 4 survivors (8192K)
 Metaspace       used 104851K, committed 105536K, reserved 1179648K
  class space    used 14218K, committed 14528K, reserved 1048576K
}
Event: 2190.903 GC heap before
{Heap before GC invocations=52 (full 5):
 garbage-first heap   total 116736K, used 48593K [0x0000000701400000, 0x0000000800000000)
  region size 2048K, 9 young (18432K), 4 survivors (8192K)
 Metaspace       used 104857K, committed 105536K, reserved 1179648K
  class space    used 14219K, committed 14528K, reserved 1048576K
}
Event: 2190.971 GC heap after
{Heap after GC invocations=53 (full 6):
 garbage-first heap   total 116736K, used 33603K [0x0000000701400000, 0x0000000800000000)
  region size 2048K, 0 young (0K), 0 survivors (0K)
 Metaspace       used 104854K, committed 105536K, reserved 1179648K
  class space    used 14219K, committed 14528K, reserved 1048576K
}
Event: 2191.437 GC heap before
{Heap before GC invocations=53 (full 6):
 garbage-first heap   total 116736K, used 86851K [0x0000000701400000, 0x0000000800000000)
  region size 2048K, 27 young (55296K), 0 survivors (0K)
 Metaspace       used 105060K, committed 105728K, reserved 1179648K
  class space    used 14240K, committed 14528K, reserved 1048576K
}
Event: 2191.441 GC heap after
{Heap after GC invocations=54 (full 6):
 garbage-first heap   total 116736K, used 38002K [0x0000000701400000, 0x0000000800000000)
  region size 2048K, 3 young (6144K), 3 survivors (6144K)
 Metaspace       used 105060K, committed 105728K, reserved 1179648K
  class space    used 14240K, committed 14528K, reserved 1048576K
}
Event: 2192.029 GC heap before
{Heap before GC invocations=54 (full 6):
 garbage-first heap   total 116736K, used 89202K [0x0000000701400000, 0x0000000800000000)
  region size 2048K, 28 young (57344K), 3 survivors (6144K)
 Metaspace       used 105532K, committed 106240K, reserved 1179648K
  class space    used 14281K, committed 14592K, reserved 1048576K
}
Event: 2192.036 GC heap after
{Heap after GC invocations=55 (full 6):
 garbage-first heap   total 116736K, used 40959K [0x0000000701400000, 0x0000000800000000)
  region size 2048K, 4 young (8192K), 4 survivors (8192K)
 Metaspace       used 105532K, committed 106240K, reserved 1179648K
  class space    used 14281K, committed 14592K, reserved 1048576K
}
Event: 2284.609 GC heap before
{Heap before GC invocations=55 (full 6):
 garbage-first heap   total 116736K, used 55295K [0x0000000701400000, 0x0000000800000000)
  region size 2048K, 12 young (24576K), 4 survivors (8192K)
 Metaspace       used 105539K, committed 106240K, reserved 1179648K
  class space    used 14282K, committed 14592K, reserved 1048576K
}
Event: 2284.692 GC heap after
{Heap after GC invocations=56 (full 7):
 garbage-first heap   total 116736K, used 33711K [0x0000000701400000, 0x0000000800000000)
  region size 2048K, 0 young (0K), 0 survivors (0K)
 Metaspace       used 105532K, committed 106240K, reserved 1179648K
  class space    used 14281K, committed 14592K, reserved 1048576K
}
Event: 2285.394 GC heap before
{Heap before GC invocations=56 (full 7):
 garbage-first heap   total 116736K, used 86959K [0x0000000701400000, 0x0000000800000000)
  region size 2048K, 27 young (55296K), 0 survivors (0K)
 Metaspace       used 105714K, committed 106432K, reserved 1179648K
  class space    used 14299K, committed 14656K, reserved 1048576K
}
Event: 2285.398 GC heap after
{Heap after GC invocations=57 (full 7):
 garbage-first heap   total 116736K, used 37598K [0x0000000701400000, 0x0000000800000000)
  region size 2048K, 2 young (4096K), 2 survivors (4096K)
 Metaspace       used 105714K, committed 106432K, reserved 1179648K
  class space    used 14299K, committed 14656K, reserved 1048576K
}

